INFO  -> 2022-04-20 10:19:54.395[background-preinit][org.hibernate.validator.internal.util.Version] - HV000001: Hibernate Validator 6.0.14.Final
INFO  -> 2022-04-20 10:19:56.250[main][org.eclipse.jdt.internal.junit.runner.RemoteTestRunner] - Starting RemoteTestRunner on bss-MacBook-Air.local with PID 89860 (started by bs in /Users/bs/ws_sts4/zk-yunjian/zk-db)
INFO  -> 2022-04-20 10:19:56.253[main][org.eclipse.jdt.internal.junit.runner.RemoteTestRunner] - No active profile set, falling back to default profiles: default
INFO  -> 2022-04-20 10:20:01.905[main][org.springframework.data.repository.config.RepositoryConfigurationDelegate] - Bootstrapping Spring Data repositories in DEFAULT mode.
INFO  -> 2022-04-20 10:20:02.093[main][org.springframework.data.repository.config.RepositoryConfigurationDelegate] - Finished Spring Data repository scanning in 149ms. Found 0 repository interfaces.
WARN  -> 2022-04-20 10:20:03.907[main][org.springframework.boot.context.properties.PropertySourcesDeducer] - Multiple PropertySourcesPlaceholderConfigurer beans registered [propertySourcesPlaceholderConfigurer, org.springframework.context.support.PropertySourcesPlaceholderConfigurer#0], falling back to Environment
INFO  -> 2022-04-20 10:20:04.527[main][org.springframework.context.support.PostProcessorRegistrationDelegate$BeanPostProcessorChecker] - Bean 'org.springframework.transaction.annotation.ProxyTransactionManagementConfiguration' of type [org.springframework.transaction.annotation.ProxyTransactionManagementConfiguration$$EnhancerBySpringCGLIB$$1d07987f] is not eligible for getting processed by all BeanPostProcessors (for example: not eligible for auto-proxying)
INFO  -> 2022-04-20 10:20:06.558[main][org.springframework.boot.web.embedded.tomcat.TomcatWebServer] - Tomcat initialized with port(s): 8080 (http)
INFO  -> 2022-04-20 10:20:07.270[main][org.springframework.web.context.ContextLoader] - Root WebApplicationContext: initialization completed in 10482 ms
INFO  -> 2022-04-20 10:20:10.412[main][com.alibaba.druid.pool.DruidDataSource] - {dataSource-1} inited
INFO  -> 2022-04-20 10:20:10.645[main][com.alibaba.druid.pool.DruidDataSource] - {dataSource-2} inited
INFO  -> 2022-04-20 10:20:13.138[main][org.springframework.scheduling.concurrent.ThreadPoolTaskExecutor] - Initializing ExecutorService 'applicationTaskExecutor'
TRACE -> 2022-04-20 10:20:13.561[main][org.springframework.web.servlet.mvc.method.annotation.RequestMappingHandlerMapping] - 
	o.s.b.a.w.s.e.BasicErrorController:
	{ /error, produces [text/html]}: errorHtml(HttpServletRequest,HttpServletResponse)
	{ /error}: error(HttpServletRequest)
DEBUG -> 2022-04-20 10:20:13.575[main][org.springframework.web.servlet.mvc.method.annotation.RequestMappingHandlerMapping] - 2 mappings in 'requestMappingHandlerMapping'
INFO  -> 2022-04-20 10:20:15.022[main][org.springframework.boot.web.embedded.tomcat.TomcatWebServer] - Tomcat started on port(s): 8080 (http) with context path ''
INFO  -> 2022-04-20 10:20:15.045[main][org.eclipse.jdt.internal.junit.runner.RemoteTestRunner] - Started RemoteTestRunner in 21.512 seconds (JVM running for 25.812)
ERROR -> 2022-04-20 10:20:15.190[main][com.zk.core.utils.ZKEnvironmentUtils] - [>_<:20190617-1020-001] undefined 'jdbc.type' in environment
ERROR -> 2022-04-20 10:20:15.830[main][com.zk.core.utils.ZKEnvironmentUtils] - [>_<:20190617-1020-001] undefined 'jdbc.type' in environment
INFO  -> 2022-04-20 10:20:16.129[main][com.zk.db.mybatis.plugins.ZKSqlRunCost] - [^_^:20200805-1859-001] begin... ...
INFO  -> 2022-04-20 10:20:16.235[main][com.zk.db.mybatis.plugins.ZKSqlRunCost] - [^_^:20200805-1859-002] end; run 耗时(/毫秒)：106 毫秒; 起始/结束时间(毫秒)：1650421216129/1650421216235；
INFO  -> 2022-04-20 10:20:16.616[Thread-4][org.springframework.scheduling.concurrent.ThreadPoolTaskExecutor] - Shutting down ExecutorService 'applicationTaskExecutor'
INFO  -> 2022-04-20 10:20:16.629[Thread-4][com.alibaba.druid.pool.DruidDataSource] - {dataSource-2} closed
INFO  -> 2022-04-20 10:20:16.636[Thread-4][com.alibaba.druid.pool.DruidDataSource] - {dataSource-1} closed
INFO  -> 2022-04-20 10:24:19.444[background-preinit][org.hibernate.validator.internal.util.Version] - HV000001: Hibernate Validator 6.0.14.Final
INFO  -> 2022-04-20 10:24:21.284[main][org.eclipse.jdt.internal.junit.runner.RemoteTestRunner] - Starting RemoteTestRunner on bss-MacBook-Air.local with PID 89890 (started by bs in /Users/bs/ws_sts4/zk-yunjian/zk-db)
INFO  -> 2022-04-20 10:24:21.293[main][org.eclipse.jdt.internal.junit.runner.RemoteTestRunner] - No active profile set, falling back to default profiles: default
INFO  -> 2022-04-20 10:24:27.707[main][org.springframework.data.repository.config.RepositoryConfigurationDelegate] - Bootstrapping Spring Data repositories in DEFAULT mode.
INFO  -> 2022-04-20 10:24:27.979[main][org.springframework.data.repository.config.RepositoryConfigurationDelegate] - Finished Spring Data repository scanning in 188ms. Found 0 repository interfaces.
WARN  -> 2022-04-20 10:24:30.054[main][org.springframework.boot.context.properties.PropertySourcesDeducer] - Multiple PropertySourcesPlaceholderConfigurer beans registered [propertySourcesPlaceholderConfigurer, org.springframework.context.support.PropertySourcesPlaceholderConfigurer#0], falling back to Environment
INFO  -> 2022-04-20 10:24:30.752[main][org.springframework.context.support.PostProcessorRegistrationDelegate$BeanPostProcessorChecker] - Bean 'org.springframework.transaction.annotation.ProxyTransactionManagementConfiguration' of type [org.springframework.transaction.annotation.ProxyTransactionManagementConfiguration$$EnhancerBySpringCGLIB$$6cf0c6b9] is not eligible for getting processed by all BeanPostProcessors (for example: not eligible for auto-proxying)
INFO  -> 2022-04-20 10:24:33.816[main][org.springframework.boot.web.embedded.tomcat.TomcatWebServer] - Tomcat initialized with port(s): 8080 (http)
INFO  -> 2022-04-20 10:24:35.094[main][org.springframework.web.context.ContextLoader] - Root WebApplicationContext: initialization completed in 13278 ms
INFO  -> 2022-04-20 10:24:41.167[main][com.alibaba.druid.pool.DruidDataSource] - {dataSource-1} inited
INFO  -> 2022-04-20 10:24:42.072[main][com.alibaba.druid.pool.DruidDataSource] - {dataSource-2} inited
INFO  -> 2022-04-20 10:24:48.150[main][org.springframework.scheduling.concurrent.ThreadPoolTaskExecutor] - Initializing ExecutorService 'applicationTaskExecutor'
TRACE -> 2022-04-20 10:24:49.141[main][org.springframework.web.servlet.mvc.method.annotation.RequestMappingHandlerMapping] - 
	o.s.b.a.w.s.e.BasicErrorController:
	{ /error, produces [text/html]}: errorHtml(HttpServletRequest,HttpServletResponse)
	{ /error}: error(HttpServletRequest)
DEBUG -> 2022-04-20 10:24:49.165[main][org.springframework.web.servlet.mvc.method.annotation.RequestMappingHandlerMapping] - 2 mappings in 'requestMappingHandlerMapping'
INFO  -> 2022-04-20 10:24:52.169[main][org.springframework.boot.web.embedded.tomcat.TomcatWebServer] - Tomcat started on port(s): 8080 (http) with context path ''
INFO  -> 2022-04-20 10:24:52.183[main][org.eclipse.jdt.internal.junit.runner.RemoteTestRunner] - Started RemoteTestRunner in 33.772 seconds (JVM running for 37.899)
ERROR -> 2022-04-20 10:24:52.678[main][com.zk.core.utils.ZKEnvironmentUtils] - [>_<:20190617-1020-001] undefined 'jdbc.type' in environment
ERROR -> 2022-04-20 10:24:53.520[main][com.zk.core.utils.ZKEnvironmentUtils] - [>_<:20190617-1020-001] undefined 'jdbc.type' in environment
INFO  -> 2022-04-20 10:24:54.059[main][com.zk.db.mybatis.plugins.ZKSqlRunCost] - [^_^:20200805-1859-001] begin... ...
INFO  -> 2022-04-20 10:24:54.251[main][com.zk.db.mybatis.plugins.ZKSqlRunCost] - [^_^:20200805-1859-002] end; run 耗时(/毫秒)：192 毫秒; 起始/结束时间(毫秒)：1650421494059/1650421494251；
INFO  -> 2022-04-20 10:24:54.998[Thread-4][org.springframework.scheduling.concurrent.ThreadPoolTaskExecutor] - Shutting down ExecutorService 'applicationTaskExecutor'
INFO  -> 2022-04-20 10:24:55.011[Thread-4][com.alibaba.druid.pool.DruidDataSource] - {dataSource-2} closed
INFO  -> 2022-04-20 10:24:55.014[Thread-4][com.alibaba.druid.pool.DruidDataSource] - {dataSource-1} closed
INFO  -> 2022-04-20 11:35:33.310[background-preinit][org.hibernate.validator.internal.util.Version] - HV000001: Hibernate Validator 6.0.14.Final
INFO  -> 2022-04-20 11:35:33.839[main][org.eclipse.jdt.internal.junit.runner.RemoteTestRunner] - Starting RemoteTestRunner on bss-MacBook-Air.local with PID 90711 (started by bs in /Users/bs/ws_sts4/zk-yunjian/zk-db)
INFO  -> 2022-04-20 11:35:33.840[main][org.eclipse.jdt.internal.junit.runner.RemoteTestRunner] - No active profile set, falling back to default profiles: default
INFO  -> 2022-04-20 11:35:35.504[main][org.springframework.data.repository.config.RepositoryConfigurationDelegate] - Bootstrapping Spring Data repositories in DEFAULT mode.
INFO  -> 2022-04-20 11:35:35.574[main][org.springframework.data.repository.config.RepositoryConfigurationDelegate] - Finished Spring Data repository scanning in 52ms. Found 0 repository interfaces.
WARN  -> 2022-04-20 11:35:36.208[main][org.springframework.boot.context.properties.PropertySourcesDeducer] - Multiple PropertySourcesPlaceholderConfigurer beans registered [propertySourcesPlaceholderConfigurer, org.springframework.context.support.PropertySourcesPlaceholderConfigurer#0], falling back to Environment
INFO  -> 2022-04-20 11:35:36.504[main][org.springframework.context.support.PostProcessorRegistrationDelegate$BeanPostProcessorChecker] - Bean 'org.springframework.transaction.annotation.ProxyTransactionManagementConfiguration' of type [org.springframework.transaction.annotation.ProxyTransactionManagementConfiguration$$EnhancerBySpringCGLIB$$2b8cc6f] is not eligible for getting processed by all BeanPostProcessors (for example: not eligible for auto-proxying)
INFO  -> 2022-04-20 11:35:37.350[main][org.springframework.boot.web.embedded.tomcat.TomcatWebServer] - Tomcat initialized with port(s): 8080 (http)
INFO  -> 2022-04-20 11:35:37.604[main][org.springframework.web.context.ContextLoader] - Root WebApplicationContext: initialization completed in 3667 ms
INFO  -> 2022-04-20 11:36:13.716[main][com.alibaba.druid.pool.DruidDataSource] - {dataSource-1} inited
INFO  -> 2022-04-20 11:36:13.788[main][com.alibaba.druid.pool.DruidDataSource] - {dataSource-2} inited
INFO  -> 2022-04-20 11:36:14.841[main][org.springframework.scheduling.concurrent.ThreadPoolTaskExecutor] - Initializing ExecutorService 'applicationTaskExecutor'
TRACE -> 2022-04-20 11:36:14.981[main][org.springframework.web.servlet.mvc.method.annotation.RequestMappingHandlerMapping] - 
	o.s.b.a.w.s.e.BasicErrorController:
	{ /error, produces [text/html]}: errorHtml(HttpServletRequest,HttpServletResponse)
	{ /error}: error(HttpServletRequest)
DEBUG -> 2022-04-20 11:36:14.986[main][org.springframework.web.servlet.mvc.method.annotation.RequestMappingHandlerMapping] - 2 mappings in 'requestMappingHandlerMapping'
INFO  -> 2022-04-20 11:36:15.352[main][org.springframework.boot.web.embedded.tomcat.TomcatWebServer] - Tomcat started on port(s): 8080 (http) with context path ''
INFO  -> 2022-04-20 11:36:15.359[main][org.eclipse.jdt.internal.junit.runner.RemoteTestRunner] - Started RemoteTestRunner in 42.283 seconds (JVM running for 44.024)
ERROR -> 2022-04-20 11:36:15.412[main][com.zk.core.utils.ZKEnvironmentUtils] - [>_<:20190617-1020-001] undefined 'jdbc.type' in environment
ERROR -> 2022-04-20 11:36:15.533[main][com.zk.core.utils.ZKEnvironmentUtils] - [>_<:20190617-1020-001] undefined 'jdbc.type' in environment
INFO  -> 2022-04-20 11:36:15.634[main][com.zk.db.mybatis.plugins.ZKSqlRunCost] - [^_^:20200805-1859-001] begin... ...
INFO  -> 2022-04-20 11:36:15.670[main][com.zk.db.mybatis.plugins.ZKSqlRunCost] - [^_^:20200805-1859-002] end; run 耗时(/毫秒)：36 毫秒; 起始/结束时间(毫秒)：1650425775634/1650425775670；
INFO  -> 2022-04-20 11:36:15.777[Thread-4][org.springframework.scheduling.concurrent.ThreadPoolTaskExecutor] - Shutting down ExecutorService 'applicationTaskExecutor'
INFO  -> 2022-04-20 11:36:15.792[Thread-4][com.alibaba.druid.pool.DruidDataSource] - {dataSource-2} closed
INFO  -> 2022-04-20 11:36:15.795[Thread-4][com.alibaba.druid.pool.DruidDataSource] - {dataSource-1} closed
INFO  -> 2022-04-20 11:43:11.742[background-preinit][org.hibernate.validator.internal.util.Version] - HV000001: Hibernate Validator 6.0.14.Final
INFO  -> 2022-04-20 11:43:12.238[main][org.eclipse.jdt.internal.junit.runner.RemoteTestRunner] - Starting RemoteTestRunner on bss-MacBook-Air.local with PID 973 (started by bs in /Users/bs/ws_sts4/zk-yunjian/zk-db)
INFO  -> 2022-04-20 11:43:12.239[main][org.eclipse.jdt.internal.junit.runner.RemoteTestRunner] - No active profile set, falling back to default profiles: default
INFO  -> 2022-04-20 11:43:14.116[main][org.springframework.data.repository.config.RepositoryConfigurationDelegate] - Bootstrapping Spring Data repositories in DEFAULT mode.
INFO  -> 2022-04-20 11:43:14.201[main][org.springframework.data.repository.config.RepositoryConfigurationDelegate] - Finished Spring Data repository scanning in 60ms. Found 0 repository interfaces.
WARN  -> 2022-04-20 11:43:14.868[main][org.springframework.boot.context.properties.PropertySourcesDeducer] - Multiple PropertySourcesPlaceholderConfigurer beans registered [propertySourcesPlaceholderConfigurer, org.springframework.context.support.PropertySourcesPlaceholderConfigurer#0], falling back to Environment
INFO  -> 2022-04-20 11:43:15.068[main][org.springframework.context.support.PostProcessorRegistrationDelegate$BeanPostProcessorChecker] - Bean 'org.springframework.transaction.annotation.ProxyTransactionManagementConfiguration' of type [org.springframework.transaction.annotation.ProxyTransactionManagementConfiguration$$EnhancerBySpringCGLIB$$ebf37d46] is not eligible for getting processed by all BeanPostProcessors (for example: not eligible for auto-proxying)
INFO  -> 2022-04-20 11:43:15.906[main][org.springframework.boot.web.embedded.tomcat.TomcatWebServer] - Tomcat initialized with port(s): 8080 (http)
INFO  -> 2022-04-20 11:43:16.214[main][org.springframework.web.context.ContextLoader] - Root WebApplicationContext: initialization completed in 3831 ms
INFO  -> 2022-04-20 11:43:17.508[main][com.alibaba.druid.pool.DruidDataSource] - {dataSource-1} inited
INFO  -> 2022-04-20 11:43:17.599[main][com.alibaba.druid.pool.DruidDataSource] - {dataSource-2} inited
INFO  -> 2022-04-20 11:43:18.709[main][org.springframework.scheduling.concurrent.ThreadPoolTaskExecutor] - Initializing ExecutorService 'applicationTaskExecutor'
TRACE -> 2022-04-20 11:43:18.854[main][org.springframework.web.servlet.mvc.method.annotation.RequestMappingHandlerMapping] - 
	o.s.b.a.w.s.e.BasicErrorController:
	{ /error, produces [text/html]}: errorHtml(HttpServletRequest,HttpServletResponse)
	{ /error}: error(HttpServletRequest)
DEBUG -> 2022-04-20 11:43:18.859[main][org.springframework.web.servlet.mvc.method.annotation.RequestMappingHandlerMapping] - 2 mappings in 'requestMappingHandlerMapping'
INFO  -> 2022-04-20 11:43:19.334[main][org.springframework.boot.web.embedded.tomcat.TomcatWebServer] - Tomcat started on port(s): 8080 (http) with context path ''
INFO  -> 2022-04-20 11:43:19.340[main][org.eclipse.jdt.internal.junit.runner.RemoteTestRunner] - Started RemoteTestRunner in 7.99 seconds (JVM running for 10.116)
ERROR -> 2022-04-20 11:43:19.404[main][com.zk.core.utils.ZKEnvironmentUtils] - [>_<:20190617-1020-001] undefined 'jdbc.type' in environment
ERROR -> 2022-04-20 11:43:19.545[main][com.zk.core.utils.ZKEnvironmentUtils] - [>_<:20190617-1020-001] undefined 'jdbc.type' in environment
INFO  -> 2022-04-20 11:43:19.652[main][com.zk.db.mybatis.plugins.ZKSqlRunCost] - [^_^:20200805-1859-001] begin... ...
INFO  -> 2022-04-20 11:43:19.697[main][com.zk.db.mybatis.plugins.ZKSqlRunCost] - [^_^:20200805-1859-002] end; run 耗时(/毫秒)：45 毫秒; 起始/结束时间(毫秒)：1650426199652/1650426199697；
INFO  -> 2022-04-20 11:43:19.829[Thread-4][org.springframework.scheduling.concurrent.ThreadPoolTaskExecutor] - Shutting down ExecutorService 'applicationTaskExecutor'
INFO  -> 2022-04-20 11:43:19.840[Thread-4][com.alibaba.druid.pool.DruidDataSource] - {dataSource-2} closed
INFO  -> 2022-04-20 11:43:19.846[Thread-4][com.alibaba.druid.pool.DruidDataSource] - {dataSource-1} closed
INFO  -> 2022-04-20 12:01:01.487[background-preinit][org.hibernate.validator.internal.util.Version] - HV000001: Hibernate Validator 6.0.14.Final
INFO  -> 2022-04-20 12:01:01.900[main][org.eclipse.jdt.internal.junit.runner.RemoteTestRunner] - Starting RemoteTestRunner on bss-MacBook-Air.local with PID 1162 (started by bs in /Users/bs/ws_sts4/zk-yunjian/zk-db)
INFO  -> 2022-04-20 12:01:01.901[main][org.eclipse.jdt.internal.junit.runner.RemoteTestRunner] - No active profile set, falling back to default profiles: default
INFO  -> 2022-04-20 12:01:03.763[main][org.springframework.data.repository.config.RepositoryConfigurationDelegate] - Bootstrapping Spring Data repositories in DEFAULT mode.
INFO  -> 2022-04-20 12:01:03.815[main][org.springframework.data.repository.config.RepositoryConfigurationDelegate] - Finished Spring Data repository scanning in 36ms. Found 0 repository interfaces.
WARN  -> 2022-04-20 12:01:04.324[main][org.springframework.boot.context.properties.PropertySourcesDeducer] - Multiple PropertySourcesPlaceholderConfigurer beans registered [propertySourcesPlaceholderConfigurer, org.springframework.context.support.PropertySourcesPlaceholderConfigurer#0], falling back to Environment
INFO  -> 2022-04-20 12:01:04.534[main][org.springframework.context.support.PostProcessorRegistrationDelegate$BeanPostProcessorChecker] - Bean 'org.springframework.transaction.annotation.ProxyTransactionManagementConfiguration' of type [org.springframework.transaction.annotation.ProxyTransactionManagementConfiguration$$EnhancerBySpringCGLIB$$1f613c16] is not eligible for getting processed by all BeanPostProcessors (for example: not eligible for auto-proxying)
INFO  -> 2022-04-20 12:01:05.356[main][org.springframework.boot.web.embedded.tomcat.TomcatWebServer] - Tomcat initialized with port(s): 8080 (http)
INFO  -> 2022-04-20 12:01:05.603[main][org.springframework.web.context.ContextLoader] - Root WebApplicationContext: initialization completed in 3612 ms
INFO  -> 2022-04-20 12:01:06.494[main][com.alibaba.druid.pool.DruidDataSource] - {dataSource-1} inited
INFO  -> 2022-04-20 12:01:06.579[main][com.alibaba.druid.pool.DruidDataSource] - {dataSource-2} inited
INFO  -> 2022-04-20 12:01:07.475[main][org.springframework.scheduling.concurrent.ThreadPoolTaskExecutor] - Initializing ExecutorService 'applicationTaskExecutor'
TRACE -> 2022-04-20 12:01:07.613[main][org.springframework.web.servlet.mvc.method.annotation.RequestMappingHandlerMapping] - 
	o.s.b.a.w.s.e.BasicErrorController:
	{ /error, produces [text/html]}: errorHtml(HttpServletRequest,HttpServletResponse)
	{ /error}: error(HttpServletRequest)
DEBUG -> 2022-04-20 12:01:07.618[main][org.springframework.web.servlet.mvc.method.annotation.RequestMappingHandlerMapping] - 2 mappings in 'requestMappingHandlerMapping'
INFO  -> 2022-04-20 12:01:08.021[main][org.springframework.boot.web.embedded.tomcat.TomcatWebServer] - Tomcat started on port(s): 8080 (http) with context path ''
INFO  -> 2022-04-20 12:01:08.027[main][org.eclipse.jdt.internal.junit.runner.RemoteTestRunner] - Started RemoteTestRunner in 6.859 seconds (JVM running for 8.34)
ERROR -> 2022-04-20 12:01:08.087[main][com.zk.core.utils.ZKEnvironmentUtils] - [>_<:20190617-1020-001] undefined 'jdbc.type' in environment
ERROR -> 2022-04-20 12:01:08.274[main][com.zk.core.utils.ZKEnvironmentUtils] - [>_<:20190617-1020-001] undefined 'jdbc.type' in environment
INFO  -> 2022-04-20 12:01:08.376[main][com.zk.db.mybatis.plugins.ZKSqlRunCost] - [^_^:20200805-1859-001] begin... ...
INFO  -> 2022-04-20 12:01:08.406[main][com.zk.db.mybatis.plugins.ZKSqlRunCost] - [^_^:20200805-1859-002] end; run 耗时(/毫秒)：30 毫秒; 起始/结束时间(毫秒)：1650427268376/1650427268406；
INFO  -> 2022-04-20 12:01:08.410[main][com.zk.db.mybatis.plugins.ZKSqlRunCost] - [^_^:20200805-1859-001] begin... ...
INFO  -> 2022-04-20 12:01:08.551[main][com.zk.db.mybatis.plugins.ZKSqlRunCost] - [^_^:20200805-1859-002] end; run 耗时(/毫秒)：140 毫秒; 起始/结束时间(毫秒)：1650427268410/1650427268550；
INFO  -> 2022-04-20 12:01:08.630[main][com.zk.db.mybatis.plugins.ZKSqlRunCost] - [^_^:20200805-1859-001] begin... ...
INFO  -> 2022-04-20 12:01:08.650[main][com.zk.db.mybatis.plugins.ZKSqlRunCost] - [^_^:20200805-1859-002] end; run 耗时(/毫秒)：20 毫秒; 起始/结束时间(毫秒)：1650427268630/1650427268650；
INFO  -> 2022-04-20 12:01:08.650[main][com.zk.db.mybatis.plugins.ZKSqlRunCost] - [^_^:20200805-1859-001] begin... ...
INFO  -> 2022-04-20 12:01:08.660[main][com.zk.db.mybatis.plugins.ZKSqlRunCost] - [^_^:20200805-1859-002] end; run 耗时(/毫秒)：10 毫秒; 起始/结束时间(毫秒)：1650427268650/1650427268660；
INFO  -> 2022-04-20 12:01:08.663[main][com.zk.db.mybatis.plugins.ZKSqlRunCost] - [^_^:20200805-1859-001] begin... ...
INFO  -> 2022-04-20 12:01:08.774[main][com.zk.db.mybatis.plugins.ZKSqlRunCost] - [^_^:20200805-1859-002] end; run 耗时(/毫秒)：111 毫秒; 起始/结束时间(毫秒)：1650427268663/1650427268774；
INFO  -> 2022-04-20 12:01:08.776[main][com.zk.db.mybatis.plugins.ZKSqlRunCost] - [^_^:20200805-1859-001] begin... ...
INFO  -> 2022-04-20 12:01:08.797[main][com.zk.db.mybatis.plugins.ZKSqlRunCost] - [^_^:20200805-1859-002] end; run 耗时(/毫秒)：21 毫秒; 起始/结束时间(毫秒)：1650427268776/1650427268797；
INFO  -> 2022-04-20 12:01:08.799[main][com.zk.db.mybatis.plugins.ZKSqlRunCost] - [^_^:20200805-1859-001] begin... ...
INFO  -> 2022-04-20 12:01:08.814[main][com.zk.db.mybatis.plugins.ZKSqlRunCost] - [^_^:20200805-1859-002] end; run 耗时(/毫秒)：15 毫秒; 起始/结束时间(毫秒)：1650427268799/1650427268814；
INFO  -> 2022-04-20 12:01:08.815[main][com.zk.db.mybatis.plugins.ZKSqlRunCost] - [^_^:20200805-1859-001] begin... ...
INFO  -> 2022-04-20 12:01:08.840[main][com.zk.db.mybatis.plugins.ZKSqlRunCost] - [^_^:20200805-1859-002] end; run 耗时(/毫秒)：25 毫秒; 起始/结束时间(毫秒)：1650427268815/1650427268840；
INFO  -> 2022-04-20 12:01:08.841[main][com.zk.db.mybatis.plugins.ZKSqlRunCost] - [^_^:20200805-1859-001] begin... ...
INFO  -> 2022-04-20 12:01:08.869[main][com.zk.db.mybatis.plugins.ZKSqlRunCost] - [^_^:20200805-1859-002] end; run 耗时(/毫秒)：28 毫秒; 起始/结束时间(毫秒)：1650427268841/1650427268869；
INFO  -> 2022-04-20 12:01:08.870[main][com.zk.db.mybatis.plugins.ZKSqlRunCost] - [^_^:20200805-1859-001] begin... ...
INFO  -> 2022-04-20 12:01:08.906[main][com.zk.db.mybatis.plugins.ZKSqlRunCost] - [^_^:20200805-1859-002] end; run 耗时(/毫秒)：36 毫秒; 起始/结束时间(毫秒)：1650427268870/1650427268906；
INFO  -> 2022-04-20 12:01:08.907[main][com.zk.db.mybatis.plugins.ZKSqlRunCost] - [^_^:20200805-1859-001] begin... ...
INFO  -> 2022-04-20 12:01:08.927[main][com.zk.db.mybatis.plugins.ZKSqlRunCost] - [^_^:20200805-1859-002] end; run 耗时(/毫秒)：20 毫秒; 起始/结束时间(毫秒)：1650427268907/1650427268927；
INFO  -> 2022-04-20 12:01:08.928[main][com.zk.db.mybatis.plugins.ZKSqlRunCost] - [^_^:20200805-1859-001] begin... ...
INFO  -> 2022-04-20 12:01:08.944[main][com.zk.db.mybatis.plugins.ZKSqlRunCost] - [^_^:20200805-1859-002] end; run 耗时(/毫秒)：16 毫秒; 起始/结束时间(毫秒)：1650427268928/1650427268944；
INFO  -> 2022-04-20 12:01:08.947[main][com.zk.db.mybatis.plugins.ZKSqlRunCost] - [^_^:20200805-1859-001] begin... ...
INFO  -> 2022-04-20 12:01:08.967[main][com.zk.db.mybatis.plugins.ZKSqlRunCost] - [^_^:20200805-1859-002] end; run 耗时(/毫秒)：20 毫秒; 起始/结束时间(毫秒)：1650427268947/1650427268967；
INFO  -> 2022-04-20 12:01:08.967[main][com.zk.db.mybatis.plugins.ZKSqlRunCost] - [^_^:20200805-1859-001] begin... ...
INFO  -> 2022-04-20 12:01:08.994[main][com.zk.db.mybatis.plugins.ZKSqlRunCost] - [^_^:20200805-1859-002] end; run 耗时(/毫秒)：27 毫秒; 起始/结束时间(毫秒)：1650427268967/1650427268994；
INFO  -> 2022-04-20 12:01:08.995[main][com.zk.db.mybatis.plugins.ZKSqlRunCost] - [^_^:20200805-1859-001] begin... ...
INFO  -> 2022-04-20 12:01:09.021[main][com.zk.db.mybatis.plugins.ZKSqlRunCost] - [^_^:20200805-1859-002] end; run 耗时(/毫秒)：26 毫秒; 起始/结束时间(毫秒)：1650427268995/1650427269021；
INFO  -> 2022-04-20 12:01:09.021[main][com.zk.db.mybatis.plugins.ZKSqlRunCost] - [^_^:20200805-1859-001] begin... ...
INFO  -> 2022-04-20 12:01:09.041[main][com.zk.db.mybatis.plugins.ZKSqlRunCost] - [^_^:20200805-1859-002] end; run 耗时(/毫秒)：20 毫秒; 起始/结束时间(毫秒)：1650427269021/1650427269041；
INFO  -> 2022-04-20 12:01:09.046[main][com.zk.db.mybatis.plugins.ZKSqlRunCost] - [^_^:20200805-1859-001] begin... ...
ERROR -> 2022-04-20 12:01:09.053[main][com.zk.core.utils.ZKEnvironmentUtils] - [>_<:20190617-1020-001] undefined 'jdbc.type' in environment
INFO  -> 2022-04-20 12:01:09.055[main][com.zk.db.mybatis.plugins.ZKSqlPage] - [^_^:20220418-2349-001] countSql: select count(1) from (SELECT t0.c_type AS "type", t0.c_remarks AS "remarks", t0.c_date AS "mDate", t0.c_id AS "id", t0.c_json AS "json", t0.c_value AS "value", t0.c_boolean AS "mBoolean" FROM t_zk_db_test t0 WHERE t0.c_type in (?,?,?) AND t0.c_type = ? AND DATE_FORMAT(t0.c_date, "%Y-%m-%d") >= DATE_FORMAT(?, "%Y-%m-%d") AND t0.c_type in (?,?,?) AND DATE_FORMAT(t0.c_date, "%Y-%m-%d %H:%i") <= DATE_FORMAT(?, "%Y-%m-%d %H:%i") AND UPPER(t0.c_remarks) like CONCAT('%', REPLACE(REPLACE(REPLACE(UPPER(?), '\\\\', '\\\\\\\\'), '_', '\\_'), '%', '\\%'), '%') AND t0.c_id = ? AND JSON_UNQUOTE(JSON_EXTRACT(t0.c_json, ?)) like CONCAT('%', REPLACE(REPLACE(REPLACE(?, '\\\\', '\\\\\\\\'), '_', '\\_'), '%', '\\%'), '%') AND JSON_UNQUOTE(JSON_EXTRACT(t0.c_json, ?)) like CONCAT('%', REPLACE(REPLACE(REPLACE(?, '\\\\', '\\\\\\\\'), '_', '\\_'), '%', '\\%'), '%') AND JSON_UNQUOTE(JSON_EXTRACT(t0.c_json, ?)) like CONCAT('%', REPLACE(REPLACE(REPLACE(?, '\\\\', '\\\\\\\\'), '_', '\\_'), '%', '\\%'), '%') AND t0.c_boolean = ? ) tmp_count
INFO  -> 2022-04-20 12:01:09.060[main][com.zk.db.mybatis.plugins.ZKSqlPage] - [^_^:2180109-0149-001] pageSql->SELECT t0.c_type AS "type", t0.c_remarks AS "remarks", t0.c_date AS "mDate", t0.c_id AS "id", t0.c_json AS "json", t0.c_value AS "value", t0.c_boolean AS "mBoolean" FROM t_zk_db_test t0 WHERE t0.c_type in (?,?,?) AND t0.c_type = ? AND DATE_FORMAT(t0.c_date, "%Y-%m-%d") >= DATE_FORMAT(?, "%Y-%m-%d") AND t0.c_type in (?,?,?) AND DATE_FORMAT(t0.c_date, "%Y-%m-%d %H:%i") <= DATE_FORMAT(?, "%Y-%m-%d %H:%i") AND UPPER(t0.c_remarks) like CONCAT('%', REPLACE(REPLACE(REPLACE(UPPER(?), '\\\\', '\\\\\\\\'), '_', '\\_'), '%', '\\%'), '%') AND t0.c_id = ? AND JSON_UNQUOTE(JSON_EXTRACT(t0.c_json, ?)) like CONCAT('%', REPLACE(REPLACE(REPLACE(?, '\\\\', '\\\\\\\\'), '_', '\\_'), '%', '\\%'), '%') AND JSON_UNQUOTE(JSON_EXTRACT(t0.c_json, ?)) like CONCAT('%', REPLACE(REPLACE(REPLACE(?, '\\\\', '\\\\\\\\'), '_', '\\_'), '%', '\\%'), '%') AND JSON_UNQUOTE(JSON_EXTRACT(t0.c_json, ?)) like CONCAT('%', REPLACE(REPLACE(REPLACE(?, '\\\\', '\\\\\\\\'), '_', '\\_'), '%', '\\%'), '%') AND t0.c_boolean = ? ORDER BY t0.c_id ASC, t0.c_type DESC, t0.c_value DESC limit 10
INFO  -> 2022-04-20 12:01:09.088[main][com.zk.db.mybatis.plugins.ZKSqlRunCost] - [^_^:20200805-1859-002] end; run 耗时(/毫秒)：42 毫秒; 起始/结束时间(毫秒)：1650427269046/1650427269088；
INFO  -> 2022-04-20 12:01:09.090[main][com.zk.db.mybatis.plugins.ZKSqlRunCost] - [^_^:20200805-1859-001] begin... ...
INFO  -> 2022-04-20 12:01:09.105[main][com.zk.db.mybatis.plugins.ZKSqlRunCost] - [^_^:20200805-1859-002] end; run 耗时(/毫秒)：15 毫秒; 起始/结束时间(毫秒)：1650427269090/1650427269105；
INFO  -> 2022-04-20 12:01:09.105[main][com.zk.db.mybatis.plugins.ZKSqlRunCost] - [^_^:20200805-1859-001] begin... ...
ERROR -> 2022-04-20 12:01:09.108[main][com.zk.core.utils.ZKEnvironmentUtils] - [>_<:20190617-1020-001] undefined 'jdbc.type' in environment
INFO  -> 2022-04-20 12:01:09.108[main][com.zk.db.mybatis.plugins.ZKSqlPage] - [^_^:20220418-2349-001] countSql: select count(1) from (SELECT t0.c_type AS "type", t0.c_remarks AS "remarks", t0.c_date AS "mDate", t0.c_id AS "id", t0.c_json AS "json", t0.c_value AS "value", t0.c_boolean AS "mBoolean" FROM t_zk_db_test t0 WHERE t0.c_id = ?) tmp_count
INFO  -> 2022-04-20 12:01:09.111[main][com.zk.db.mybatis.plugins.ZKSqlPage] - [^_^:2180109-0149-001] pageSql->SELECT t0.c_type AS "type", t0.c_remarks AS "remarks", t0.c_date AS "mDate", t0.c_id AS "id", t0.c_json AS "json", t0.c_value AS "value", t0.c_boolean AS "mBoolean" FROM t_zk_db_test t0 WHERE t0.c_id = ? limit 10
INFO  -> 2022-04-20 12:01:09.122[main][com.zk.db.mybatis.plugins.ZKSqlRunCost] - [^_^:20200805-1859-002] end; run 耗时(/毫秒)：17 毫秒; 起始/结束时间(毫秒)：1650427269105/1650427269122；
INFO  -> 2022-04-20 12:01:09.125[main][com.zk.db.mybatis.plugins.ZKSqlRunCost] - [^_^:20200805-1859-001] begin... ...
INFO  -> 2022-04-20 12:01:09.128[main][com.zk.db.mybatis.plugins.ZKSqlRunCost] - [^_^:20200805-1859-002] end; run 耗时(/毫秒)：3 毫秒; 起始/结束时间(毫秒)：1650427269125/1650427269128；
INFO  -> 2022-04-20 12:01:09.166[Thread-4][org.springframework.scheduling.concurrent.ThreadPoolTaskExecutor] - Shutting down ExecutorService 'applicationTaskExecutor'
INFO  -> 2022-04-20 12:01:09.184[Thread-4][com.alibaba.druid.pool.DruidDataSource] - {dataSource-2} closed
INFO  -> 2022-04-20 12:01:09.189[Thread-4][com.alibaba.druid.pool.DruidDataSource] - {dataSource-1} closed
