INFO  -> 2022-03-30 09:42:52.245[background-preinit][org.hibernate.validator.internal.util.Version] - HV000001: Hibernate Validator 6.0.14.Final
INFO  -> 2022-03-30 09:42:53.346[main][org.springframework.context.support.PostProcessorRegistrationDelegate$BeanPostProcessorChecker] - Bean 'org.springframework.cloud.autoconfigure.ConfigurationPropertiesRebinderAutoConfiguration' of type [org.springframework.cloud.autoconfigure.ConfigurationPropertiesRebinderAutoConfiguration$$EnhancerBySpringCGLIB$$61cba0e2] is not eligible for getting processed by all BeanPostProcessors (for example: not eligible for auto-proxying)
INFO  -> 2022-03-30 09:42:53.899[main][com.zk.server.central.ZKSerCenSpringBootMain] - No active profile set, falling back to default profiles: default
INFO  -> 2022-03-30 09:42:55.921[main][org.springframework.data.repository.config.RepositoryConfigurationDelegate] - Multiple Spring Data modules found, entering strict repository configuration mode!
INFO  -> 2022-03-30 09:42:55.928[main][org.springframework.data.repository.config.RepositoryConfigurationDelegate] - Bootstrapping Spring Data repositories in DEFAULT mode.
INFO  -> 2022-03-30 09:42:56.010[main][org.springframework.data.repository.config.RepositoryConfigurationDelegate] - Finished Spring Data repository scanning in 71ms. Found 0 repository interfaces.
INFO  -> 2022-03-30 09:42:56.020[main][org.springframework.data.repository.config.RepositoryConfigurationDelegate] - Multiple Spring Data modules found, entering strict repository configuration mode!
INFO  -> 2022-03-30 09:42:56.020[main][org.springframework.data.repository.config.RepositoryConfigurationDelegate] - Bootstrapping Spring Data repositories in DEFAULT mode.
INFO  -> 2022-03-30 09:42:56.034[main][org.springframework.data.repository.config.RepositoryConfigurationDelegate] - Finished Spring Data repository scanning in 13ms. Found 0 repository interfaces.
INFO  -> 2022-03-30 09:42:56.061[main][org.springframework.data.repository.config.RepositoryConfigurationDelegate] - Multiple Spring Data modules found, entering strict repository configuration mode!
INFO  -> 2022-03-30 09:42:56.064[main][org.springframework.data.repository.config.RepositoryConfigurationDelegate] - Bootstrapping Spring Data repositories in DEFAULT mode.
INFO  -> 2022-03-30 09:42:56.096[main][org.springframework.data.repository.config.RepositoryConfigurationDelegate] - Finished Spring Data repository scanning in 10ms. Found 0 repository interfaces.
WARN  -> 2022-03-30 09:42:56.475[main][org.springframework.boot.actuate.endpoint.EndpointId] - Endpoint ID 'service-registry' contains invalid characters, please migrate to a valid format.
INFO  -> 2022-03-30 09:42:57.428[main][org.springframework.cloud.context.scope.GenericScope] - BeanFactory id=e93d2d05-f32b-39e4-8e2f-7de3cce7b035
INFO  -> 2022-03-30 09:42:57.733[main][org.springframework.context.support.PostProcessorRegistrationDelegate$BeanPostProcessorChecker] - Bean 'org.springframework.transaction.annotation.ProxyTransactionManagementConfiguration' of type [org.springframework.transaction.annotation.ProxyTransactionManagementConfiguration$$EnhancerBySpringCGLIB$$45b19de5] is not eligible for getting processed by all BeanPostProcessors (for example: not eligible for auto-proxying)
INFO  -> 2022-03-30 09:42:58.183[main][org.springframework.context.support.PostProcessorRegistrationDelegate$BeanPostProcessorChecker] - Bean 'zkSerCenUserSampleRealm' of type [com.zk.server.central.security.ZKSerCenUserSampleRealm] is not eligible for getting processed by all BeanPostProcessors (for example: not eligible for auto-proxying)
INFO  -> 2022-03-30 09:42:58.417[main][org.springframework.context.support.PostProcessorRegistrationDelegate$BeanPostProcessorChecker] - Bean 'securityManager' of type [org.apache.shiro.web.mgt.DefaultWebSecurityManager] is not eligible for getting processed by all BeanPostProcessors (for example: not eligible for auto-proxying)
INFO  -> 2022-03-30 09:42:58.468[main][org.springframework.context.support.PostProcessorRegistrationDelegate$BeanPostProcessorChecker] - Bean 'zkSerCenAuthenticationFilter' of type [com.zk.server.central.security.ZKSerCenAuthenticationFilter] is not eligible for getting processed by all BeanPostProcessors (for example: not eligible for auto-proxying)
INFO  -> 2022-03-30 09:42:58.510[main][org.springframework.context.support.PostProcessorRegistrationDelegate$BeanPostProcessorChecker] - Bean 'org.springframework.cloud.autoconfigure.ConfigurationPropertiesRebinderAutoConfiguration' of type [org.springframework.cloud.autoconfigure.ConfigurationPropertiesRebinderAutoConfiguration$$EnhancerBySpringCGLIB$$61cba0e2] is not eligible for getting processed by all BeanPostProcessors (for example: not eligible for auto-proxying)
INFO  -> 2022-03-30 09:42:59.537[main][org.springframework.boot.web.embedded.tomcat.TomcatWebServer] - Tomcat initialized with port(s): 10081 (http)
INFO  -> 2022-03-30 09:43:00.878[main][org.springframework.web.context.ContextLoader] - Root WebApplicationContext: initialization completed in 6945 ms
WARN  -> 2022-03-30 09:43:01.427[main][com.netflix.config.sources.URLConfigurationSource] - No URLs will be polled as dynamic configuration sources.
INFO  -> 2022-03-30 09:43:01.430[main][com.netflix.config.sources.URLConfigurationSource] - To enable URLs as dynamic configuration sources, define System property archaius.configurationSource.additionalUrls or make config.properties available on classpath.
INFO  -> 2022-03-30 09:43:01.469[main][com.netflix.config.DynamicPropertyFactory] - DynamicPropertyFactory is initialized with configuration sources: com.netflix.config.ConcurrentCompositeConfiguration@2401856
INFO  -> 2022-03-30 09:43:02.660[main][org.springframework.scheduling.concurrent.ThreadPoolTaskExecutor] - Initializing ExecutorService 'applicationTaskExecutor'
INFO  -> 2022-03-30 09:43:03.744[main][org.mongodb.driver.cluster] - Cluster created with settings {hosts=[10.211.55.10:27017], mode=MULTIPLE, requiredClusterType=UNKNOWN, serverSelectionTimeout='30000 ms', maxWaitQueueSize=500}
INFO  -> 2022-03-30 09:43:03.745[main][org.mongodb.driver.cluster] - Adding discovered server 10.211.55.10:27017 to client view of cluster
INFO  -> 2022-03-30 09:43:03.967[cluster-ClusterId{value='6243b5a757f6203c30ce1778', description='null'}-10.211.55.10:27017][org.mongodb.driver.connection] - Opened connection [connectionId{localValue:1, serverValue:1}] to 10.211.55.10:27017
INFO  -> 2022-03-30 09:43:03.975[cluster-ClusterId{value='6243b5a757f6203c30ce1778', description='null'}-10.211.55.10:27017][org.mongodb.driver.cluster] - Monitor thread successfully connected to server with description ServerDescription{address=10.211.55.10:27017, type=STANDALONE, state=CONNECTED, ok=true, version=ServerVersion{versionList=[3, 6, 4]}, minWireVersion=0, maxWireVersion=6, maxDocumentSize=16777216, logicalSessionTimeoutMinutes=30, roundTripTimeNanos=6099207}
INFO  -> 2022-03-30 09:43:03.977[cluster-ClusterId{value='6243b5a757f6203c30ce1778', description='null'}-10.211.55.10:27017][org.mongodb.driver.cluster] - Discovered cluster type of STANDALONE
INFO  -> 2022-03-30 09:43:06.419[main][com.netflix.discovery.provider.DiscoveryJerseyProvider] - Using JSON encoding codec LegacyJacksonJson
INFO  -> 2022-03-30 09:43:06.420[main][com.netflix.discovery.provider.DiscoveryJerseyProvider] - Using JSON decoding codec LegacyJacksonJson
INFO  -> 2022-03-30 09:43:06.780[main][com.netflix.discovery.provider.DiscoveryJerseyProvider] - Using XML encoding codec XStreamXml
INFO  -> 2022-03-30 09:43:06.780[main][com.netflix.discovery.provider.DiscoveryJerseyProvider] - Using XML decoding codec XStreamXml
WARN  -> 2022-03-30 09:43:08.076[main][com.netflix.config.sources.URLConfigurationSource] - No URLs will be polled as dynamic configuration sources.
INFO  -> 2022-03-30 09:43:08.077[main][com.netflix.config.sources.URLConfigurationSource] - To enable URLs as dynamic configuration sources, define System property archaius.configurationSource.additionalUrls or make config.properties available on classpath.
TRACE -> 2022-03-30 09:43:08.238[main][org.springframework.web.servlet.mvc.method.annotation.RequestMappingHandlerMapping] - 
	c.z.s.c.c.ZKSerCenCertificateController:
	{POST /zk/serCen/cer/scStatus}: scStatus(List,int)
	{GET /zk/serCen/cer/download}: download(String,HttpServletRequest,HttpServletResponse)
	{ /zk/serCen/cer/view/index}: vIndex(HttpServletRequest)
	{GET /zk/serCen/cer/view/edit}: vEdit(String,HttpServletRequest)
	{POST /zk/serCen/cer/sc}: serviceCertificatePost(ZKSerCenCertificate)
	{GET /zk/serCen/cer/sc}: serviceCertificateGet(String)
	{DELETE /zk/serCen/cer/sc}: serviceCertificateDelete(List)
	{GET /zk/serCen/cer/scs}: serviceCertificateList(ZKSerCenCertificate,HttpServletRequest)
	{GET /zk/serCen/cer/scPage}: serviceCertificatePage(ZKSerCenCertificate,HttpServletRequest)
TRACE -> 2022-03-30 09:43:08.245[main][org.springframework.web.servlet.mvc.method.annotation.RequestMappingHandlerMapping] - 
	c.z.s.c.c.ZKSerCenHomeController:
	{ /zk/serCen/home/scGuide}: scGuide()
	{ /zk/serCen/home/serCenIndex}: scIndex()
TRACE -> 2022-03-30 09:43:08.249[main][org.springframework.web.servlet.mvc.method.annotation.RequestMappingHandlerMapping] - 
	c.z.s.c.c.ZKSerCenIndexController:
	{ /zk/serCen/anon}: welcome()
	{ /zk/serCen/data}: data(HttpServletRequest)
	{ /zk/serCen}: index(String,HttpServletRequest,Model)
	{ /zk/serCen/locale}: locale(String,HttpServletRequest,HttpServletResponse)
TRACE -> 2022-03-30 09:43:08.251[main][org.springframework.web.servlet.mvc.method.annotation.RequestMappingHandlerMapping] - 
	c.z.s.c.c.ZKSerCenInfoController:
	{ /zk/serCen/info/serCenInfo}: serCenInfo()
TRACE -> 2022-03-30 09:43:08.254[main][org.springframework.web.servlet.mvc.method.annotation.RequestMappingHandlerMapping] - 
	c.z.s.c.c.ZKSerCenLoginController:
	{GET /zk/serCen/l/login}: login(HttpServletRequest,HttpServletResponse,Model)
	{POST /zk/serCen/l/login}: loginPost(HttpServletRequest,HttpServletResponse,Model,RedirectAttributes)
	{GET /zk/serCen/l/captcha}: validateCode(HttpServletRequest,HttpServletResponse)
	{ /zk/serCen/l/doingCaptcha}: doingCaptcha(HttpServletRequest,HttpServletResponse)
TRACE -> 2022-03-30 09:43:08.260[main][org.springframework.web.servlet.mvc.method.annotation.RequestMappingHandlerMapping] - 
	c.z.s.c.c.ZKSerCenTestController:
	{ /zk/serCen/test/e}: e(HttpServletRequest)
	{ /zk/serCen/test/testFreeMarker}: testFreeMarker(HttpServletRequest,ModelMap)
	{ /zk/serCen/test}: test(HttpServletRequest,Model)
TRACE -> 2022-03-30 09:43:08.264[main][org.springframework.web.servlet.mvc.method.annotation.RequestMappingHandlerMapping] - 
	o.s.b.a.w.s.e.BasicErrorController:
	{ /error, produces [text/html]}: errorHtml(HttpServletRequest,HttpServletResponse)
	{ /error}: error(HttpServletRequest)
TRACE -> 2022-03-30 09:43:08.279[main][org.springframework.web.servlet.mvc.method.annotation.RequestMappingHandlerMapping] - 
	o.s.c.n.e.s.EurekaController:
	{GET /zk/serCen/zkEureka/lastn}: lastn(HttpServletRequest,Map)
	{GET /zk/serCen/zkEureka}: status(HttpServletRequest,Map)
DEBUG -> 2022-03-30 09:43:08.281[main][org.springframework.web.servlet.mvc.method.annotation.RequestMappingHandlerMapping] - 27 mappings in 'requestMappingHandlerMapping'
INFO  -> 2022-03-30 09:43:08.502[main][org.springframework.boot.autoconfigure.web.servlet.WelcomePageHandlerMapping] - Adding welcome page template: index
INFO  -> 2022-03-30 09:43:09.960[main][org.springframework.cloud.netflix.eureka.InstanceInfoFactory] - Setting initial instance status as: STARTING
INFO  -> 2022-03-30 09:43:10.066[main][com.netflix.discovery.DiscoveryClient] - Initializing Eureka in region us-east-1
INFO  -> 2022-03-30 09:43:10.066[main][com.netflix.discovery.DiscoveryClient] - Client configured to neither register nor query for data.
INFO  -> 2022-03-30 09:43:10.098[main][com.netflix.discovery.DiscoveryClient] - Discovery Client initialized at timestamp 1648604590095 with initial instances count: 0
INFO  -> 2022-03-30 09:43:10.208[main][com.netflix.eureka.DefaultEurekaServerContext] - Initializing ...
INFO  -> 2022-03-30 09:43:10.214[main][com.netflix.eureka.cluster.PeerEurekaNodes] - Adding new peer nodes [http://localhost:10081/eureka/]
INFO  -> 2022-03-30 09:43:10.342[main][com.netflix.discovery.provider.DiscoveryJerseyProvider] - Using JSON encoding codec LegacyJacksonJson
INFO  -> 2022-03-30 09:43:10.343[main][com.netflix.discovery.provider.DiscoveryJerseyProvider] - Using JSON decoding codec LegacyJacksonJson
INFO  -> 2022-03-30 09:43:10.343[main][com.netflix.discovery.provider.DiscoveryJerseyProvider] - Using XML encoding codec XStreamXml
INFO  -> 2022-03-30 09:43:10.343[main][com.netflix.discovery.provider.DiscoveryJerseyProvider] - Using XML decoding codec XStreamXml
INFO  -> 2022-03-30 09:43:10.591[main][com.netflix.eureka.cluster.PeerEurekaNodes] - Replica node URL:  http://localhost:10081/eureka/
INFO  -> 2022-03-30 09:43:10.605[main][com.netflix.eureka.registry.AbstractInstanceRegistry] - Finished initializing remote region registries. All known remote regions: []
INFO  -> 2022-03-30 09:43:10.607[main][com.netflix.eureka.DefaultEurekaServerContext] - Initialized
INFO  -> 2022-03-30 09:43:10.641[main][org.springframework.boot.actuate.endpoint.web.EndpointLinksResolver] - Exposing 2 endpoint(s) beneath base path '/actuator'
INFO  -> 2022-03-30 09:43:10.865[main][org.springframework.cloud.netflix.eureka.serviceregistry.EurekaServiceRegistry] - Registering application ZKSERVERCENTRAL with eureka with status UP
INFO  -> 2022-03-30 09:43:10.871[Thread-14][org.springframework.cloud.netflix.eureka.server.EurekaServerBootstrap] - Setting the eureka configuration..
INFO  -> 2022-03-30 09:43:10.872[Thread-14][org.springframework.cloud.netflix.eureka.server.EurekaServerBootstrap] - Eureka data center value eureka.datacenter is not set, defaulting to default
INFO  -> 2022-03-30 09:43:10.873[Thread-14][org.springframework.cloud.netflix.eureka.server.EurekaServerBootstrap] - Eureka environment value eureka.environment is not set, defaulting to test
INFO  -> 2022-03-30 09:43:10.936[Thread-14][org.springframework.cloud.netflix.eureka.server.EurekaServerBootstrap] - isAws returned false
INFO  -> 2022-03-30 09:43:10.937[Thread-14][org.springframework.cloud.netflix.eureka.server.EurekaServerBootstrap] - Initialized server context
INFO  -> 2022-03-30 09:43:10.938[Thread-14][com.netflix.eureka.registry.PeerAwareInstanceRegistryImpl] - Got 1 instances from neighboring DS node
INFO  -> 2022-03-30 09:43:10.938[Thread-14][com.netflix.eureka.registry.PeerAwareInstanceRegistryImpl] - Renew threshold is: 1
INFO  -> 2022-03-30 09:43:10.938[Thread-14][com.netflix.eureka.registry.PeerAwareInstanceRegistryImpl] - Changing status to UP
INFO  -> 2022-03-30 09:43:10.954[Thread-14][org.springframework.cloud.netflix.eureka.server.EurekaServerInitializerConfiguration] - Started Eureka Server
INFO  -> 2022-03-30 09:43:11.042[main][org.springframework.boot.web.embedded.tomcat.TomcatWebServer] - Tomcat started on port(s): 10081 (http) with context path ''
INFO  -> 2022-03-30 09:43:11.043[main][org.springframework.cloud.netflix.eureka.serviceregistry.EurekaAutoServiceRegistration] - Updating port to 10081
INFO  -> 2022-03-30 09:43:11.065[main][com.zk.server.central.ZKSerCenSpringBootMain] - Started ZKSerCenSpringBootMain in 19.101 seconds (JVM running for 20.372)
INFO  -> 2022-03-30 09:43:38.158[http-nio-10081-exec-1][org.springframework.web.servlet.DispatcherServlet] - Initializing Servlet 'dispatcherServlet'
INFO  -> 2022-03-30 09:43:38.177[http-nio-10081-exec-1][org.springframework.web.servlet.DispatcherServlet] - Completed initialization in 19 ms
TRACE -> 2022-03-30 09:43:38.353[http-nio-10081-exec-1][org.springframework.web.servlet.mvc.method.annotation.RequestMappingHandlerMapping] - Mapped to public org.springframework.web.servlet.ModelAndView com.zk.server.central.controller.ZKSerCenLoginController.login(javax.servlet.http.HttpServletRequest,javax.servlet.http.HttpServletResponse,org.springframework.ui.Model) throws java.security.NoSuchAlgorithmException
INFO  -> 2022-03-30 09:43:38.390[http-nio-10081-exec-1][com.zk.server.central.commons.ZKSerCenUtils] - [^_^:20171219-1004-001] get login fail num by num -> null 
INFO  -> 2022-03-30 09:43:38.407[http-nio-10081-exec-1][com.zk.server.central.controller.ZKSerCenLoginController] - [^_^:20200224-0810-001] AES userSecretKey: 9d0b628d64d9b96e82556698e0589cc6
TRACE -> 2022-03-30 09:43:40.553[http-nio-10081-exec-7][org.springframework.web.servlet.mvc.method.annotation.RequestMappingHandlerMapping] - Mapped to public void com.zk.server.central.controller.ZKSerCenLoginController.validateCode(javax.servlet.http.HttpServletRequest,javax.servlet.http.HttpServletResponse)
TRACE -> 2022-03-30 09:43:47.040[http-nio-10081-exec-3][org.springframework.web.servlet.mvc.method.annotation.RequestMappingHandlerMapping] - Mapped to public com.zk.core.web.ZKMsgRes com.zk.server.central.controller.ZKSerCenLoginController.loginPost(javax.servlet.http.HttpServletRequest,javax.servlet.http.HttpServletResponse,org.springframework.ui.Model,org.springframework.web.servlet.mvc.support.RedirectAttributes)
TRACE -> 2022-03-30 09:43:47.195[http-nio-10081-exec-10][org.springframework.web.servlet.mvc.method.annotation.RequestMappingHandlerMapping] - Mapped to public java.lang.String com.zk.server.central.controller.ZKSerCenIndexController.index(java.lang.String,javax.servlet.http.HttpServletRequest,org.springframework.ui.Model)
TRACE -> 2022-03-30 09:43:47.634[http-nio-10081-exec-8][org.springframework.web.servlet.mvc.method.annotation.RequestMappingHandlerMapping] - Mapped to public org.springframework.web.servlet.ModelAndView com.zk.server.central.controller.ZKSerCenHomeController.scIndex()
TRACE -> 2022-03-30 09:43:52.169[http-nio-10081-exec-2][org.springframework.web.servlet.mvc.method.annotation.RequestMappingHandlerMapping] - Mapped to public void com.zk.server.central.controller.ZKSerCenIndexController.locale(java.lang.String,javax.servlet.http.HttpServletRequest,javax.servlet.http.HttpServletResponse)
INFO  -> 2022-03-30 09:43:52.170[http-nio-10081-exec-2][com.zk.server.central.controller.ZKSerCenIndexController] - [^_^:20190808-1759-001]{ ZKBaseController class: String-escapeHtml4} -> zh_CN
TRACE -> 2022-03-30 09:43:52.211[http-nio-10081-exec-4][org.springframework.web.servlet.mvc.method.annotation.RequestMappingHandlerMapping] - Mapped to public org.springframework.web.servlet.ModelAndView com.zk.server.central.controller.ZKSerCenHomeController.scIndex()
TRACE -> 2022-03-30 09:43:52.211[http-nio-10081-exec-6][org.springframework.web.servlet.mvc.method.annotation.RequestMappingHandlerMapping] - Mapped to public java.lang.String com.zk.server.central.controller.ZKSerCenIndexController.index(java.lang.String,javax.servlet.http.HttpServletRequest,org.springframework.ui.Model)
TRACE -> 2022-03-30 09:43:52.311[http-nio-10081-exec-3][org.springframework.web.servlet.mvc.method.annotation.RequestMappingHandlerMapping] - Mapped to public org.springframework.web.servlet.ModelAndView com.zk.server.central.controller.ZKSerCenHomeController.scIndex()
TRACE -> 2022-03-30 09:43:57.079[http-nio-10081-exec-7][org.springframework.web.servlet.mvc.method.annotation.RequestMappingHandlerMapping] - Mapped to public void com.zk.server.central.controller.ZKSerCenIndexController.locale(java.lang.String,javax.servlet.http.HttpServletRequest,javax.servlet.http.HttpServletResponse)
INFO  -> 2022-03-30 09:43:57.080[http-nio-10081-exec-7][com.zk.server.central.controller.ZKSerCenIndexController] - [^_^:20190808-1759-001]{ ZKBaseController class: String-escapeHtml4} -> zh_CN
TRACE -> 2022-03-30 09:43:57.093[http-nio-10081-exec-8][org.springframework.web.servlet.mvc.method.annotation.RequestMappingHandlerMapping] - Mapped to public java.lang.String com.zk.server.central.controller.ZKSerCenIndexController.index(java.lang.String,javax.servlet.http.HttpServletRequest,org.springframework.ui.Model)
TRACE -> 2022-03-30 09:43:57.239[http-nio-10081-exec-1][org.springframework.web.servlet.mvc.method.annotation.RequestMappingHandlerMapping] - Mapped to public org.springframework.web.servlet.ModelAndView com.zk.server.central.controller.ZKSerCenHomeController.scIndex()
TRACE -> 2022-03-30 09:44:01.073[http-nio-10081-exec-7][org.springframework.web.servlet.mvc.method.annotation.RequestMappingHandlerMapping] - Mapped to public org.springframework.web.servlet.ModelAndView com.zk.server.central.controller.ZKSerCenCertificateController.vIndex(javax.servlet.http.HttpServletRequest)
TRACE -> 2022-03-30 09:44:01.536[http-nio-10081-exec-7][org.springframework.web.servlet.mvc.method.annotation.RequestMappingHandlerMapping] - Mapped to public com.zk.core.web.ZKMsgRes com.zk.server.central.controller.ZKSerCenCertificateController.serviceCertificatePage(com.zk.server.central.entity.ZKSerCenCertificate,javax.servlet.http.HttpServletRequest)
INFO  -> 2022-03-30 09:44:01.638[http-nio-10081-exec-7][com.zk.db.mybatis.plugins.ZKSqlRunCost] - [^_^:20200805-1859-001] begin... ...
INFO  -> 2022-03-30 09:44:02.349[http-nio-10081-exec-7][com.alibaba.druid.pool.DruidDataSource] - {dataSource-1} inited
INFO  -> 2022-03-30 09:44:02.445[http-nio-10081-exec-7][com.zk.db.mybatis.plugins.ZKSqlPage] - [^_^:2180109-0149-001] pageSql->SELECT t0.c_create_date AS "createDate", t0.c_public_key AS "publicKey", t0.c_update_date AS "updateDate", t0.c_status AS "status", t0.c_pk_id AS "pkId", t0.c_update_user_id AS "updateUserId", t0.c_version AS "version", t0.c_server_name AS "serverName", t0.c_create_user_id AS "createUserId", t0.c_valid_end_date AS "validEndDate", t0.c_valid_start_date AS "validStartDate", t0.c_del_flag AS "delFlag", t0.c_spare2 AS "spare2", t0.c_spare1 AS "spare1", t0.c_remarks AS "remarks", t0.c_spare_json AS "spareJson", t0.c_private_key AS "privateKey", t0.c_spare3 AS "spare3", t0.c_p_desc AS "pDesc" FROM t_sc_server_certificate t0 WHERE t0.c_del_flag = ? ORDER BY t0.c_pk_id ASC limit 10,10
INFO  -> 2022-03-30 09:44:02.545[http-nio-10081-exec-7][com.zk.db.mybatis.plugins.ZKSqlRunCost] - [^_^:20200805-1859-002] end; run 耗时(/毫秒)：907 毫秒; 起始/结束时间(毫秒)：1648604641638/1648604642545；
INFO  -> 2022-03-30 09:44:10.941[Eureka-EvictionTimer][com.netflix.eureka.registry.AbstractInstanceRegistry] - Running the evict task with compensationTime 0ms
TRACE -> 2022-03-30 09:44:13.776[http-nio-10081-exec-4][org.springframework.web.servlet.mvc.method.annotation.RequestMappingHandlerMapping] - Mapped to public java.lang.String org.springframework.cloud.netflix.eureka.server.EurekaController.status(javax.servlet.http.HttpServletRequest,java.util.Map<java.lang.String, java.lang.Object>)
INFO  -> 2022-03-30 09:44:14.236[http-nio-10081-exec-3][com.zk.server.central.filter.ZKSerCenRegisterFilter] - [^_^:20200312-2110-001] ZKSerCenRegisterFilter httpReq -> uri: 10.0.8.77:58958/eureka/js/wro.js
INFO  -> 2022-03-30 09:44:14.242[http-nio-10081-exec-8][com.zk.server.central.filter.ZKSerCenRegisterFilter] - [^_^:20200312-2110-001] ZKSerCenRegisterFilter httpReq -> uri: 10.0.8.77:58947/eureka/css/wro.css
TRACE -> 2022-03-30 09:44:20.726[http-nio-10081-exec-1][org.springframework.web.servlet.mvc.method.annotation.RequestMappingHandlerMapping] - Mapped to public java.lang.String org.springframework.cloud.netflix.eureka.server.EurekaController.lastn(javax.servlet.http.HttpServletRequest,java.util.Map<java.lang.String, java.lang.Object>)
INFO  -> 2022-03-30 09:45:10.945[Eureka-EvictionTimer][com.netflix.eureka.registry.AbstractInstanceRegistry] - Running the evict task with compensationTime 2ms
INFO  -> 2022-03-30 09:46:10.951[Eureka-EvictionTimer][com.netflix.eureka.registry.AbstractInstanceRegistry] - Running the evict task with compensationTime 5ms
INFO  -> 2022-03-30 09:47:10.956[Eureka-EvictionTimer][com.netflix.eureka.registry.AbstractInstanceRegistry] - Running the evict task with compensationTime 4ms
INFO  -> 2022-03-30 09:48:10.961[Eureka-EvictionTimer][com.netflix.eureka.registry.AbstractInstanceRegistry] - Running the evict task with compensationTime 4ms
INFO  -> 2022-03-30 09:49:10.969[Eureka-EvictionTimer][com.netflix.eureka.registry.AbstractInstanceRegistry] - Running the evict task with compensationTime 6ms
INFO  -> 2022-03-30 09:50:10.978[Eureka-EvictionTimer][com.netflix.eureka.registry.AbstractInstanceRegistry] - Running the evict task with compensationTime 7ms
INFO  -> 2022-03-30 09:51:10.978[Eureka-EvictionTimer][com.netflix.eureka.registry.AbstractInstanceRegistry] - Running the evict task with compensationTime 0ms
INFO  -> 2022-03-30 09:52:10.984[Eureka-EvictionTimer][com.netflix.eureka.registry.AbstractInstanceRegistry] - Running the evict task with compensationTime 4ms
INFO  -> 2022-03-30 09:53:10.989[Eureka-EvictionTimer][com.netflix.eureka.registry.AbstractInstanceRegistry] - Running the evict task with compensationTime 4ms
INFO  -> 2022-03-30 09:54:10.993[Eureka-EvictionTimer][com.netflix.eureka.registry.AbstractInstanceRegistry] - Running the evict task with compensationTime 2ms
INFO  -> 2022-03-30 09:55:10.996[Eureka-EvictionTimer][com.netflix.eureka.registry.AbstractInstanceRegistry] - Running the evict task with compensationTime 2ms
INFO  -> 2022-03-30 09:56:10.999[Eureka-EvictionTimer][com.netflix.eureka.registry.AbstractInstanceRegistry] - Running the evict task with compensationTime 1ms
INFO  -> 2022-03-30 09:57:11.000[Eureka-EvictionTimer][com.netflix.eureka.registry.AbstractInstanceRegistry] - Running the evict task with compensationTime 0ms
INFO  -> 2022-03-30 09:58:10.616[ReplicaAwareInstanceRegistry - RenewalThresholdUpdater][com.netflix.eureka.registry.PeerAwareInstanceRegistryImpl] - Current renewal threshold is : 1
INFO  -> 2022-03-30 09:58:11.003[Eureka-EvictionTimer][com.netflix.eureka.registry.AbstractInstanceRegistry] - Running the evict task with compensationTime 9ms
INFO  -> 2022-03-30 09:59:11.012[Eureka-EvictionTimer][com.netflix.eureka.registry.AbstractInstanceRegistry] - Running the evict task with compensationTime 8ms
INFO  -> 2022-03-30 10:00:11.020[Eureka-EvictionTimer][com.netflix.eureka.registry.AbstractInstanceRegistry] - Running the evict task with compensationTime 5ms
INFO  -> 2022-03-30 10:01:11.027[Eureka-EvictionTimer][com.netflix.eureka.registry.AbstractInstanceRegistry] - Running the evict task with compensationTime 5ms
INFO  -> 2022-03-30 10:02:11.035[Eureka-EvictionTimer][com.netflix.eureka.registry.AbstractInstanceRegistry] - Running the evict task with compensationTime 6ms
INFO  -> 2022-03-30 10:03:11.046[Eureka-EvictionTimer][com.netflix.eureka.registry.AbstractInstanceRegistry] - Running the evict task with compensationTime 9ms
INFO  -> 2022-03-30 10:04:11.056[Eureka-EvictionTimer][com.netflix.eureka.registry.AbstractInstanceRegistry] - Running the evict task with compensationTime 8ms
INFO  -> 2022-03-30 10:05:11.066[Eureka-EvictionTimer][com.netflix.eureka.registry.AbstractInstanceRegistry] - Running the evict task with compensationTime 8ms
INFO  -> 2022-03-30 10:06:11.075[Eureka-EvictionTimer][com.netflix.eureka.registry.AbstractInstanceRegistry] - Running the evict task with compensationTime 6ms
INFO  -> 2022-03-30 10:07:11.085[Eureka-EvictionTimer][com.netflix.eureka.registry.AbstractInstanceRegistry] - Running the evict task with compensationTime 8ms
INFO  -> 2022-03-30 10:08:11.088[Eureka-EvictionTimer][com.netflix.eureka.registry.AbstractInstanceRegistry] - Running the evict task with compensationTime 1ms
INFO  -> 2022-03-30 10:09:11.094[Eureka-EvictionTimer][com.netflix.eureka.registry.AbstractInstanceRegistry] - Running the evict task with compensationTime 3ms
INFO  -> 2022-03-30 10:10:11.106[Eureka-EvictionTimer][com.netflix.eureka.registry.AbstractInstanceRegistry] - Running the evict task with compensationTime 10ms
INFO  -> 2022-03-30 10:11:11.113[Eureka-EvictionTimer][com.netflix.eureka.registry.AbstractInstanceRegistry] - Running the evict task with compensationTime 5ms
INFO  -> 2022-03-30 10:12:11.122[Eureka-EvictionTimer][com.netflix.eureka.registry.AbstractInstanceRegistry] - Running the evict task with compensationTime 7ms
INFO  -> 2022-03-30 10:13:10.765[ReplicaAwareInstanceRegistry - RenewalThresholdUpdater][com.netflix.eureka.registry.PeerAwareInstanceRegistryImpl] - Current renewal threshold is : 1
INFO  -> 2022-03-30 10:13:11.249[Eureka-EvictionTimer][com.netflix.eureka.registry.AbstractInstanceRegistry] - Running the evict task with compensationTime 6ms
INFO  -> 2022-03-30 10:14:11.254[Eureka-EvictionTimer][com.netflix.eureka.registry.AbstractInstanceRegistry] - Running the evict task with compensationTime 2ms
INFO  -> 2022-03-30 10:15:11.265[Eureka-EvictionTimer][com.netflix.eureka.registry.AbstractInstanceRegistry] - Running the evict task with compensationTime 9ms
INFO  -> 2022-03-30 10:16:11.273[Eureka-EvictionTimer][com.netflix.eureka.registry.AbstractInstanceRegistry] - Running the evict task with compensationTime 6ms
INFO  -> 2022-03-30 10:17:11.283[Eureka-EvictionTimer][com.netflix.eureka.registry.AbstractInstanceRegistry] - Running the evict task with compensationTime 7ms
INFO  -> 2022-03-30 10:18:11.293[Eureka-EvictionTimer][com.netflix.eureka.registry.AbstractInstanceRegistry] - Running the evict task with compensationTime 8ms
INFO  -> 2022-03-30 10:19:11.295[Eureka-EvictionTimer][com.netflix.eureka.registry.AbstractInstanceRegistry] - Running the evict task with compensationTime 0ms
INFO  -> 2022-03-30 10:20:11.307[Eureka-EvictionTimer][com.netflix.eureka.registry.AbstractInstanceRegistry] - Running the evict task with compensationTime 10ms
INFO  -> 2022-03-30 10:21:11.311[Eureka-EvictionTimer][com.netflix.eureka.registry.AbstractInstanceRegistry] - Running the evict task with compensationTime 1ms
INFO  -> 2022-03-30 10:22:11.322[Eureka-EvictionTimer][com.netflix.eureka.registry.AbstractInstanceRegistry] - Running the evict task with compensationTime 9ms
INFO  -> 2022-03-30 10:23:11.332[Eureka-EvictionTimer][com.netflix.eureka.registry.AbstractInstanceRegistry] - Running the evict task with compensationTime 8ms
INFO  -> 2022-03-30 10:24:11.342[Eureka-EvictionTimer][com.netflix.eureka.registry.AbstractInstanceRegistry] - Running the evict task with compensationTime 8ms
INFO  -> 2022-03-30 10:25:11.347[Eureka-EvictionTimer][com.netflix.eureka.registry.AbstractInstanceRegistry] - Running the evict task with compensationTime 2ms
INFO  -> 2022-03-30 10:26:11.352[Eureka-EvictionTimer][com.netflix.eureka.registry.AbstractInstanceRegistry] - Running the evict task with compensationTime 2ms
INFO  -> 2022-03-30 10:27:11.361[Eureka-EvictionTimer][com.netflix.eureka.registry.AbstractInstanceRegistry] - Running the evict task with compensationTime 7ms
INFO  -> 2022-03-30 10:28:10.795[ReplicaAwareInstanceRegistry - RenewalThresholdUpdater][com.netflix.eureka.registry.PeerAwareInstanceRegistryImpl] - Current renewal threshold is : 1
INFO  -> 2022-03-30 10:28:11.367[Eureka-EvictionTimer][com.netflix.eureka.registry.AbstractInstanceRegistry] - Running the evict task with compensationTime 4ms
INFO  -> 2022-03-30 10:29:11.376[Eureka-EvictionTimer][com.netflix.eureka.registry.AbstractInstanceRegistry] - Running the evict task with compensationTime 6ms
INFO  -> 2022-03-30 10:30:11.382[Eureka-EvictionTimer][com.netflix.eureka.registry.AbstractInstanceRegistry] - Running the evict task with compensationTime 4ms
INFO  -> 2022-03-30 10:31:11.390[Eureka-EvictionTimer][com.netflix.eureka.registry.AbstractInstanceRegistry] - Running the evict task with compensationTime 59ms
INFO  -> 2022-03-30 10:32:11.401[Eureka-EvictionTimer][com.netflix.eureka.registry.AbstractInstanceRegistry] - Running the evict task with compensationTime 9ms
INFO  -> 2022-03-30 10:33:11.403[Eureka-EvictionTimer][com.netflix.eureka.registry.AbstractInstanceRegistry] - Running the evict task with compensationTime 1ms
INFO  -> 2022-03-30 10:34:11.411[Eureka-EvictionTimer][com.netflix.eureka.registry.AbstractInstanceRegistry] - Running the evict task with compensationTime 5ms
INFO  -> 2022-03-30 10:35:11.419[Eureka-EvictionTimer][com.netflix.eureka.registry.AbstractInstanceRegistry] - Running the evict task with compensationTime 7ms
INFO  -> 2022-03-30 10:36:11.428[Eureka-EvictionTimer][com.netflix.eureka.registry.AbstractInstanceRegistry] - Running the evict task with compensationTime 7ms
INFO  -> 2022-03-30 10:37:11.435[Eureka-EvictionTimer][com.netflix.eureka.registry.AbstractInstanceRegistry] - Running the evict task with compensationTime 5ms
INFO  -> 2022-03-30 10:38:11.442[Eureka-EvictionTimer][com.netflix.eureka.registry.AbstractInstanceRegistry] - Running the evict task with compensationTime 5ms
INFO  -> 2022-03-30 10:39:11.451[Eureka-EvictionTimer][com.netflix.eureka.registry.AbstractInstanceRegistry] - Running the evict task with compensationTime 8ms
INFO  -> 2022-03-30 10:40:11.457[Eureka-EvictionTimer][com.netflix.eureka.registry.AbstractInstanceRegistry] - Running the evict task with compensationTime 4ms
INFO  -> 2022-03-30 10:41:11.465[Eureka-EvictionTimer][com.netflix.eureka.registry.AbstractInstanceRegistry] - Running the evict task with compensationTime 6ms
INFO  -> 2022-03-30 10:42:11.470[Eureka-EvictionTimer][com.netflix.eureka.registry.AbstractInstanceRegistry] - Running the evict task with compensationTime 3ms
INFO  -> 2022-03-30 10:43:10.800[ReplicaAwareInstanceRegistry - RenewalThresholdUpdater][com.netflix.eureka.registry.PeerAwareInstanceRegistryImpl] - Current renewal threshold is : 1
INFO  -> 2022-03-30 10:43:11.480[Eureka-EvictionTimer][com.netflix.eureka.registry.AbstractInstanceRegistry] - Running the evict task with compensationTime 9ms
INFO  -> 2022-03-30 10:44:11.485[Eureka-EvictionTimer][com.netflix.eureka.registry.AbstractInstanceRegistry] - Running the evict task with compensationTime 2ms
INFO  -> 2022-03-30 10:45:11.493[Eureka-EvictionTimer][com.netflix.eureka.registry.AbstractInstanceRegistry] - Running the evict task with compensationTime 6ms
INFO  -> 2022-03-30 10:46:11.496[Eureka-EvictionTimer][com.netflix.eureka.registry.AbstractInstanceRegistry] - Running the evict task with compensationTime 1ms
INFO  -> 2022-03-30 10:47:11.503[Eureka-EvictionTimer][com.netflix.eureka.registry.AbstractInstanceRegistry] - Running the evict task with compensationTime 6ms
INFO  -> 2022-03-30 10:48:11.512[Eureka-EvictionTimer][com.netflix.eureka.registry.AbstractInstanceRegistry] - Running the evict task with compensationTime 7ms
INFO  -> 2022-03-30 10:49:11.522[Eureka-EvictionTimer][com.netflix.eureka.registry.AbstractInstanceRegistry] - Running the evict task with compensationTime 8ms
INFO  -> 2022-03-30 10:50:11.524[Eureka-EvictionTimer][com.netflix.eureka.registry.AbstractInstanceRegistry] - Running the evict task with compensationTime 0ms
INFO  -> 2022-03-30 10:51:11.535[Eureka-EvictionTimer][com.netflix.eureka.registry.AbstractInstanceRegistry] - Running the evict task with compensationTime 9ms
INFO  -> 2022-03-30 10:52:11.540[Eureka-EvictionTimer][com.netflix.eureka.registry.AbstractInstanceRegistry] - Running the evict task with compensationTime 4ms
INFO  -> 2022-03-30 10:53:11.551[Eureka-EvictionTimer][com.netflix.eureka.registry.AbstractInstanceRegistry] - Running the evict task with compensationTime 9ms
INFO  -> 2022-03-30 10:54:11.560[Eureka-EvictionTimer][com.netflix.eureka.registry.AbstractInstanceRegistry] - Running the evict task with compensationTime 8ms
INFO  -> 2022-03-30 10:55:11.562[Eureka-EvictionTimer][com.netflix.eureka.registry.AbstractInstanceRegistry] - Running the evict task with compensationTime 0ms
INFO  -> 2022-03-30 10:56:11.572[Eureka-EvictionTimer][com.netflix.eureka.registry.AbstractInstanceRegistry] - Running the evict task with compensationTime 8ms
INFO  -> 2022-03-30 10:57:11.583[Eureka-EvictionTimer][com.netflix.eureka.registry.AbstractInstanceRegistry] - Running the evict task with compensationTime 9ms
INFO  -> 2022-03-30 10:58:10.829[ReplicaAwareInstanceRegistry - RenewalThresholdUpdater][com.netflix.eureka.registry.PeerAwareInstanceRegistryImpl] - Current renewal threshold is : 1
INFO  -> 2022-03-30 10:58:11.590[Eureka-EvictionTimer][com.netflix.eureka.registry.AbstractInstanceRegistry] - Running the evict task with compensationTime 5ms
INFO  -> 2022-03-30 10:59:11.594[Eureka-EvictionTimer][com.netflix.eureka.registry.AbstractInstanceRegistry] - Running the evict task with compensationTime 2ms
INFO  -> 2022-03-30 11:00:11.601[Eureka-EvictionTimer][com.netflix.eureka.registry.AbstractInstanceRegistry] - Running the evict task with compensationTime 6ms
INFO  -> 2022-03-30 11:01:11.609[Eureka-EvictionTimer][com.netflix.eureka.registry.AbstractInstanceRegistry] - Running the evict task with compensationTime 6ms
INFO  -> 2022-03-30 11:02:11.611[Eureka-EvictionTimer][com.netflix.eureka.registry.AbstractInstanceRegistry] - Running the evict task with compensationTime 25ms
INFO  -> 2022-03-30 11:03:11.614[Eureka-EvictionTimer][com.netflix.eureka.registry.AbstractInstanceRegistry] - Running the evict task with compensationTime 1ms
INFO  -> 2022-03-30 11:04:11.619[Eureka-EvictionTimer][com.netflix.eureka.registry.AbstractInstanceRegistry] - Running the evict task with compensationTime 3ms
INFO  -> 2022-03-30 11:05:11.622[Eureka-EvictionTimer][com.netflix.eureka.registry.AbstractInstanceRegistry] - Running the evict task with compensationTime 1ms
INFO  -> 2022-03-30 11:06:11.632[Eureka-EvictionTimer][com.netflix.eureka.registry.AbstractInstanceRegistry] - Running the evict task with compensationTime 8ms
INFO  -> 2022-03-30 11:07:11.643[Eureka-EvictionTimer][com.netflix.eureka.registry.AbstractInstanceRegistry] - Running the evict task with compensationTime 8ms
INFO  -> 2022-03-30 11:08:11.648[Eureka-EvictionTimer][com.netflix.eureka.registry.AbstractInstanceRegistry] - Running the evict task with compensationTime 2ms
INFO  -> 2022-03-30 11:09:11.656[Eureka-EvictionTimer][com.netflix.eureka.registry.AbstractInstanceRegistry] - Running the evict task with compensationTime 6ms
INFO  -> 2022-03-30 11:10:11.662[Eureka-EvictionTimer][com.netflix.eureka.registry.AbstractInstanceRegistry] - Running the evict task with compensationTime 4ms
INFO  -> 2022-03-30 11:11:11.671[Eureka-EvictionTimer][com.netflix.eureka.registry.AbstractInstanceRegistry] - Running the evict task with compensationTime 7ms
INFO  -> 2022-03-30 11:12:11.679[Eureka-EvictionTimer][com.netflix.eureka.registry.AbstractInstanceRegistry] - Running the evict task with compensationTime 5ms
INFO  -> 2022-03-30 11:13:10.830[ReplicaAwareInstanceRegistry - RenewalThresholdUpdater][com.netflix.eureka.registry.PeerAwareInstanceRegistryImpl] - Current renewal threshold is : 1
INFO  -> 2022-03-30 11:13:11.685[Eureka-EvictionTimer][com.netflix.eureka.registry.AbstractInstanceRegistry] - Running the evict task with compensationTime 4ms
INFO  -> 2022-03-30 11:14:11.691[Eureka-EvictionTimer][com.netflix.eureka.registry.AbstractInstanceRegistry] - Running the evict task with compensationTime 4ms
INFO  -> 2022-03-30 11:15:11.699[Eureka-EvictionTimer][com.netflix.eureka.registry.AbstractInstanceRegistry] - Running the evict task with compensationTime 5ms
INFO  -> 2022-03-30 11:16:11.710[Eureka-EvictionTimer][com.netflix.eureka.registry.AbstractInstanceRegistry] - Running the evict task with compensationTime 9ms
INFO  -> 2022-03-30 11:17:11.722[Eureka-EvictionTimer][com.netflix.eureka.registry.AbstractInstanceRegistry] - Running the evict task with compensationTime 10ms
INFO  -> 2022-03-30 11:18:11.733[Eureka-EvictionTimer][com.netflix.eureka.registry.AbstractInstanceRegistry] - Running the evict task with compensationTime 9ms
INFO  -> 2022-03-30 11:19:11.740[Eureka-EvictionTimer][com.netflix.eureka.registry.AbstractInstanceRegistry] - Running the evict task with compensationTime 5ms
INFO  -> 2022-03-30 11:20:11.744[Eureka-EvictionTimer][com.netflix.eureka.registry.AbstractInstanceRegistry] - Running the evict task with compensationTime 33ms
INFO  -> 2022-03-30 11:21:11.744[Eureka-EvictionTimer][com.netflix.eureka.registry.AbstractInstanceRegistry] - Running the evict task with compensationTime 4ms
INFO  -> 2022-03-30 11:22:11.747[Eureka-EvictionTimer][com.netflix.eureka.registry.AbstractInstanceRegistry] - Running the evict task with compensationTime 1ms
INFO  -> 2022-03-30 11:23:11.753[Eureka-EvictionTimer][com.netflix.eureka.registry.AbstractInstanceRegistry] - Running the evict task with compensationTime 3ms
INFO  -> 2022-03-30 11:24:11.759[Eureka-EvictionTimer][com.netflix.eureka.registry.AbstractInstanceRegistry] - Running the evict task with compensationTime 3ms
INFO  -> 2022-03-30 11:25:11.764[Eureka-EvictionTimer][com.netflix.eureka.registry.AbstractInstanceRegistry] - Running the evict task with compensationTime 3ms
INFO  -> 2022-03-30 11:26:11.770[Eureka-EvictionTimer][com.netflix.eureka.registry.AbstractInstanceRegistry] - Running the evict task with compensationTime 4ms
INFO  -> 2022-03-30 11:27:11.774[Eureka-EvictionTimer][com.netflix.eureka.registry.AbstractInstanceRegistry] - Running the evict task with compensationTime 2ms
INFO  -> 2022-03-30 11:28:10.830[ReplicaAwareInstanceRegistry - RenewalThresholdUpdater][com.netflix.eureka.registry.PeerAwareInstanceRegistryImpl] - Current renewal threshold is : 1
INFO  -> 2022-03-30 11:28:11.781[Eureka-EvictionTimer][com.netflix.eureka.registry.AbstractInstanceRegistry] - Running the evict task with compensationTime 4ms
INFO  -> 2022-03-30 11:29:11.785[Eureka-EvictionTimer][com.netflix.eureka.registry.AbstractInstanceRegistry] - Running the evict task with compensationTime 2ms
INFO  -> 2022-03-30 11:30:11.791[Eureka-EvictionTimer][com.netflix.eureka.registry.AbstractInstanceRegistry] - Running the evict task with compensationTime 4ms
INFO  -> 2022-03-30 11:31:11.796[Eureka-EvictionTimer][com.netflix.eureka.registry.AbstractInstanceRegistry] - Running the evict task with compensationTime 3ms
INFO  -> 2022-03-30 11:32:11.802[Eureka-EvictionTimer][com.netflix.eureka.registry.AbstractInstanceRegistry] - Running the evict task with compensationTime 4ms
INFO  -> 2022-03-30 11:33:11.805[Eureka-EvictionTimer][com.netflix.eureka.registry.AbstractInstanceRegistry] - Running the evict task with compensationTime 0ms
INFO  -> 2022-03-30 11:34:11.811[Eureka-EvictionTimer][com.netflix.eureka.registry.AbstractInstanceRegistry] - Running the evict task with compensationTime 4ms
INFO  -> 2022-03-30 11:35:11.815[Eureka-EvictionTimer][com.netflix.eureka.registry.AbstractInstanceRegistry] - Running the evict task with compensationTime 3ms
INFO  -> 2022-03-30 11:36:11.821[Eureka-EvictionTimer][com.netflix.eureka.registry.AbstractInstanceRegistry] - Running the evict task with compensationTime 4ms
INFO  -> 2022-03-30 11:37:10.177[Thread-16][org.springframework.cloud.netflix.eureka.serviceregistry.EurekaServiceRegistry] - Unregistering application ZKSERVERCENTRAL with eureka with status DOWN
INFO  -> 2022-03-30 11:37:10.197[Thread-16][com.netflix.eureka.DefaultEurekaServerContext] - Shutting down ...
INFO  -> 2022-03-30 11:37:10.226[Thread-16][com.netflix.eureka.DefaultEurekaServerContext] - Shut down
INFO  -> 2022-03-30 11:37:10.288[Thread-16][org.springframework.scheduling.concurrent.ThreadPoolTaskExecutor] - Shutting down ExecutorService 'applicationTaskExecutor'
INFO  -> 2022-03-30 11:37:10.291[Thread-16][com.netflix.discovery.DiscoveryClient] - Shutting down DiscoveryClient ...
INFO  -> 2022-03-30 11:37:10.292[Thread-16][com.netflix.discovery.DiscoveryClient] - Completed shut down of DiscoveryClient
